<?xml version="1.0" encoding="UTF-8"?>
<!-- Generated by org.testng.reporters.JUnitReportReporter -->
<testsuite skipped="0" hostname="LTA1VB7FL2" name="sample.MethodAnnotaions" tests="2" failures="0" timestamp="2022-04-29T00:36:02 IST" time="0.009" errors="0">
  <testcase name="first" time="0.009" classname="sample.MethodAnnotaions"/>
  <system-out/>
  <testcase name="second" time="0.000" classname="sample.MethodAnnotaions"/>
  <system-out/>
</testsuite> <!-- sample.MethodAnnotaions -->
