<?xml version="1.0" encoding="UTF-8"?>
<!-- Generated by org.testng.reporters.JUnitReportReporter -->
<testsuite skipped="0" hostname="LTA1VB7FL2" name="sample.BeforeTestmethod" tests="1" failures="0" timestamp="2022-04-29T00:26:41 IST" time="0.001" errors="0">
  <testcase name="Testmethod" time="0.001" classname="sample.BeforeTestmethod"/>
  <system-out/>
</testsuite> <!-- sample.BeforeTestmethod -->
