<?xml version="1.0" encoding="UTF-8"?>
<!-- Generated by org.testng.reporters.JUnitReportReporter -->
<testsuite skipped="0" hostname="LTA1VB7FL2" name="sample.AfterTestMethod" tests="1" failures="0" timestamp="2022-04-29T00:26:31 IST" time="0.016" errors="0">
  <testcase name="f" time="0.016" classname="sample.AfterTestMethod"/>
  <system-out/>
</testsuite> <!-- sample.AfterTestMethod -->
