<?xml version="1.0" encoding="UTF-8"?>
<!-- Generated by org.testng.reporters.JUnitReportReporter -->
<testsuite skipped="0" hostname="LTA1VB7FL2" name="sample.SampleTest" tests="2" failures="0" timestamp="2022-04-28T22:55:37 IST" time="2.036" errors="0">
  <testcase name="testcase1" time="2.027" classname="sample.SampleTest"/>
  <system-out/>
  <testcase name="testcase2" time="0.009" classname="sample.SampleTest"/>
  <system-out/>
</testsuite> <!-- sample.SampleTest -->
