<?xml version="1.0" encoding="UTF-8"?>
<!-- Generated by org.testng.reporters.JUnitReportReporter -->
<testsuite skipped="1" hostname="LTA1VB7FL2" name="sample.EnabledMethod" tests="3" failures="0" timestamp="2022-04-28T23:26:48 IST" time="0.016" errors="0">
  <testcase name="first" time="0.016" classname="sample.EnabledMethod"/>
  <system-out/>
  <testcase name="third" time="0.000" classname="sample.EnabledMethod"/>
  <system-out/>
  <testcase name="second" classname="sample.EnabledMethod">
    <skipped/>
  </testcase> <!-- second -->
  <system-out/>
</testsuite> <!-- sample.EnabledMethod -->
