<?xml version="1.0" encoding="UTF-8"?>
<!-- Generated by org.testng.reporters.JUnitReportReporter -->
<testsuite skipped="0" hostname="LTA1VB7FL2" name="sample.InvocationMethod" tests="10" failures="0" timestamp="2022-04-28T23:00:54 IST" time="0.031" errors="0">
  <testcase name="Invocationmethod" time="0.001" classname="sample.InvocationMethod"/>
  <system-out/>
  <testcase name="Invocationmethod" time="0.002" classname="sample.InvocationMethod"/>
  <system-out/>
  <testcase name="Invocationmethod" time="0.003" classname="sample.InvocationMethod"/>
  <system-out/>
  <testcase name="Invocationmethod" time="0.001" classname="sample.InvocationMethod"/>
  <system-out/>
  <testcase name="Invocationmethod" time="0.002" classname="sample.InvocationMethod"/>
  <system-out/>
  <testcase name="Invocationmethod" time="0.012" classname="sample.InvocationMethod"/>
  <system-out/>
  <testcase name="Invocationmethod" time="0.002" classname="sample.InvocationMethod"/>
  <system-out/>
  <testcase name="Invocationmethod" time="0.002" classname="sample.InvocationMethod"/>
  <system-out/>
  <testcase name="Invocationmethod" time="0.003" classname="sample.InvocationMethod"/>
  <system-out/>
  <testcase name="Invocationmethod" time="0.003" classname="sample.InvocationMethod"/>
  <system-out/>
</testsuite> <!-- sample.InvocationMethod -->
