<?xml version="1.0" encoding="UTF-8"?>
<!-- Generated by org.testng.reporters.JUnitReportReporter -->
<testsuite skipped="0" hostname="LTA1VB7FL2" name="sample.PriorityMethod" tests="3" failures="0" timestamp="2022-04-28T23:18:11 IST" time="0.014" errors="0">
  <testcase name="Vijay" time="0.011" classname="sample.PriorityMethod"/>
  <system-out/>
  <testcase name="Kiran" time="0.001" classname="sample.PriorityMethod"/>
  <system-out/>
  <testcase name="Ketan" time="0.002" classname="sample.PriorityMethod"/>
  <system-out/>
</testsuite> <!-- sample.PriorityMethod -->
