<?xml version="1.0" encoding="UTF-8"?>
<!-- Generated by org.testng.reporters.JUnitReportReporter -->
<testsuite skipped="0" hostname="LTA1VB7FL2" name="sample.DependsOnMethod" tests="5" failures="0" timestamp="2022-04-29T00:06:33 IST" time="0.016" errors="0">
  <testcase name="Honda" time="0.000" classname="sample.DependsOnMethod"/>
  <system-out/>
  <testcase name="Toyota" time="0.000" classname="sample.DependsOnMethod"/>
  <system-out/>
  <testcase name="Ascent" time="0.016" classname="sample.DependsOnMethod"/>
  <system-out/>
  <testcase name="Mahindra" time="0.000" classname="sample.DependsOnMethod"/>
  <system-out/>
  <testcase name="Hundai" time="0.000" classname="sample.DependsOnMethod"/>
  <system-out/>
</testsuite> <!-- sample.DependsOnMethod -->
