<?xml version="1.0" encoding="UTF-8"?>
<!-- Generated by org.testng.reporters.JUnitReportReporter -->
<testsuite skipped="0" hostname="LTA1VB7FL2" name="sample.Annotations" tests="1" failures="0" timestamp="2022-04-29T00:22:49 IST" time="0.008" errors="0">
  <testcase name="Browser2" time="0.008" classname="sample.Annotations"/>
  <system-out/>
</testsuite> <!-- sample.Annotations -->
